#########################
# Parsing Upload folder #
#########################

Removing folder /home/fcabanettes/public_html/tmp/tNUTXMSya0MnFT1G32uw...
Removing folder /home/fcabanettes/public_html/tmp/fYs40lzIocGt4jsfjtYF...
Removing folder /home/fcabanettes/public_html/tmp/uBZgExNkgcry2pLcrG1c...
Removing folder /home/fcabanettes/public_html/tmp/kjAI9bVRCdVJ94G4us4J...
Removing folder /home/fcabanettes/public_html/tmp/s8LdyaIvGZlB7yoNhE5e...
Removing folder /home/fcabanettes/public_html/tmp/hzYJieimzx103eWEZYam...
Removing folder /home/fcabanettes/public_html/tmp/h6tshcrkas4qcR3asQAk...
Removing folder /home/fcabanettes/public_html/tmp/xs0ETD3qvEvpcP6gDQBG...
Removing folder /home/fcabanettes/public_html/tmp/u2asIrDJjAgEvvY6roJH...
Removing folder /home/fcabanettes/public_html/tmp/fJMHBqoNtBUMtBHbQHso...
Removing folder /home/fcabanettes/public_html/tmp/LnJkOdfBD2MIazUy1ptU...
Removing folder /home/fcabanettes/public_html/tmp/LctmxdQKyMkKFaidB3IE...
Removing folder /home/fcabanettes/public_html/tmp/1vGYeo2UJmH1556AshY7...
Removing folder /home/fcabanettes/public_html/tmp/lzETqBCEX88KjREmQv8Q...
Removing folder /home/fcabanettes/public_html/tmp/Fl3b0TMyCVDXQObmhQlz...
Removing folder /home/fcabanettes/public_html/tmp/kjoipJhxhPLyXN9MFz2S...
Removing folder /home/fcabanettes/public_html/tmp/zJAdGAomff5Msicubtfg...
Removing folder /home/fcabanettes/public_html/tmp/istm3xhrFssCJlt38VfH...
Removing folder /home/fcabanettes/public_html/tmp/ICxrSou5Pz7V1F82nDow...
Removing folder /home/fcabanettes/public_html/tmp/18G0oprJ9sXiJ0jIXDAB...
Removing folder /home/fcabanettes/public_html/tmp/qBSkh4v3zqkAeodhvOqF...
Removing folder /home/fcabanettes/public_html/tmp/32hUyjffhv6CNFpbkkNb...
Removing folder /home/fcabanettes/public_html/tmp/APSn6ilAGMJ6vON6eCnj...
Removing folder /home/fcabanettes/public_html/tmp/F5RrXPa7eaotYIL5vap0...
Removing folder /home/fcabanettes/public_html/tmp/4haGCx58JWjQTF0ftGFO...
Removing folder /home/fcabanettes/public_html/tmp/OmPusYoAvcQPvujgmc6u...
Removing folder /home/fcabanettes/public_html/tmp/36dLLqAYMeCZ2PUpW7Rz...
Removing folder /home/fcabanettes/public_html/tmp/e9JCwR6xNArhqtiC5WaE...
Removing folder /home/fcabanettes/public_html/tmp/xDlxZE10dN5g1RNh6yGg...
Removing folder /home/fcabanettes/public_html/tmp/HFcWMfBgpjhX86KFEsQl...
Removing folder /home/fcabanettes/public_html/tmp/4YpauTO9f5lLHv65FKyp...
Removing folder /home/fcabanettes/public_html/tmp/bC3Jb8d0eMAc3HmSkQVJ...
Removing folder /home/fcabanettes/public_html/tmp/1YN3AVEP4mGbwQUNd3t7...

######################
# Parsing Jobs in DB #
######################


#######################
# Parsing Data folder #
#######################

Removing folder /home/fcabanettes/public_html/test/lPNWi_20171215180120...
Removing folder /home/fcabanettes/public_html/test/i3LtD_20171222163104...
Removing folder /home/fcabanettes/public_html/test/pb4Fk_20171221171628...
Removing folder /home/fcabanettes/public_html/test/uVUyI_20171220173251...
Removing folder /home/fcabanettes/public_html/test/xGr7b_20171222161435...
Removing folder /home/fcabanettes/public_html/test/3tNGi_20171222163125...
Removing folder /home/fcabanettes/public_html/test/NfKVy_20171222161433...
Removing folder /home/fcabanettes/public_html/test/YwKXB_20171222163035...
Removing folder /home/fcabanettes/public_html/test/E9Tpm_20171222160949...
Removing folder /home/fcabanettes/public_html/test/1nKXZ_20171222163035...
Removing folder /home/fcabanettes/public_html/test/MO0UX_20171222160950...
Removing folder /home/fcabanettes/public_html/test/Dnge0_20171215180950...
Removing folder /home/fcabanettes/public_html/test/w587w_20171222160947...
Removing folder /home/fcabanettes/public_html/test/7bxho_20171221172603...
Removing folder /home/fcabanettes/public_html/test/y7583_20171220151745...
Removing folder /home/fcabanettes/public_html/test/hYDXZ_20171215181230...
Removing folder /home/fcabanettes/public_html/test/mh9vi_20171220152019...
Removing folder /home/fcabanettes/public_html/test/E7Ad6_20171218104637...
Removing folder /home/fcabanettes/public_html/test/xWA6v_20171215180424...
Removing folder /home/fcabanettes/public_html/test/OvT1q_20171222163039...
Removing folder /home/fcabanettes/public_html/test/oJq9Q_20171215160103...
Removing folder /home/fcabanettes/public_html/test/62wrQ_20171215180826...
Removing folder /home/fcabanettes/public_html/test/0BY4Z_20171220160657...
Removing folder /home/fcabanettes/public_html/test/zzd6b_20171218114300...
Removing folder /home/fcabanettes/public_html/test/D4Lym_20171222160950...
Removing folder /home/fcabanettes/public_html/test/8dECv_20171222163037...
Removing folder /home/fcabanettes/public_html/test/nv7tx_20171222163121...
Removing folder /home/fcabanettes/public_html/test/c4aJx_20171222163122...
Removing folder /home/fcabanettes/public_html/test/eIqTH_20171220173241...
Removing folder /home/fcabanettes/public_html/test/Legn7_20171222161432...
Removing folder /home/fcabanettes/public_html/test/z7zdo_20171220153236...
Removing folder /home/fcabanettes/public_html/test/SeBfe_20171222163112...
Removing folder /home/fcabanettes/public_html/test/HJFVv_20171222163034...
Removing folder /home/fcabanettes/public_html/test/MFRCO_20171220173313...
Removing folder /home/fcabanettes/public_html/test/EOE7m_20171215154455...
Removing folder /home/fcabanettes/public_html/test/Cy970_20171222161434...
Removing folder /home/fcabanettes/public_html/test/G7xSE_20171215180606...
Removing folder /home/fcabanettes/public_html/test/Asnzg_20171222115215...
Removing folder /home/fcabanettes/public_html/test/27Oju_20171220173246...
Removing folder /home/fcabanettes/public_html/test/8K7Vo_20171220173249...
Removing folder /home/fcabanettes/public_html/test/rGXlo_20171222161434...
Removing folder /home/fcabanettes/public_html/test/MghSN_20171222160946...
Removing folder /home/fcabanettes/public_html/test/4Mdqa_20171220160150...
Removing folder /home/fcabanettes/public_html/test/6ssx0_20171215141828...
Removing folder /home/fcabanettes/public_html/test/LlmrB_20171215160741...
Removing folder /home/fcabanettes/public_html/test/buvxa_20171220173104...
Removing folder /home/fcabanettes/public_html/test/KtzNU_20171221172234...
Removing folder /home/fcabanettes/public_html/test/hfI8p_20171220173254...
Removing folder /home/fcabanettes/public_html/test/KjObX_20171220152611...
Removing folder /home/fcabanettes/public_html/test/7Yyuk_20171222114023...
Removing folder /home/fcabanettes/public_html/test/dBKww_20171215180357...
Removing folder /home/fcabanettes/public_html/test/T8BSG_20171218111221...
Removing folder /home/fcabanettes/public_html/test/AfBJi_20171215181145...
Removing folder /home/fcabanettes/public_html/test/N0tN5_20171220154608...
Removing folder /home/fcabanettes/public_html/test/yWFQs_20171215154622...

